android12/app/build/intermediates/manifest_merge_blame_file/release/manifest-merger-blame-release-report.txt
1<?xml version="1.0" encoding="utf-8"?>
2<manifest xmlns:android="http://schemas.android.com/apk/res/android"
3    package="com.example.inventory_app"
4    android:versionCode="1"
5    android:versionName="1.0.0" >
6
7    <uses-sdk
8        android:minSdkVersion="21"
8-->src\main\AndroidManifest.xml
9        android:targetSdkVersion="35" />
9-->src\main\AndroidManifest.xml
10
11    <uses-permission android:name="android.permission.INTERNET" />
11-->src\main\AndroidManifest.xml:2:5-66
11-->src\main\AndroidManifest.xml:2:22-64
12    <uses-permission android:name="android.permission.RECORD_AUDIO" />
12-->src\main\AndroidManifest.xml:3:5-70
12-->src\main\AndroidManifest.xml:3:22-68
13    <uses-permission android:name="android.permission.WRITE_EXTERNAL_STORAGE" />
13-->src\main\AndroidManifest.xml:4:5-80
13-->src\main\AndroidManifest.xml:4:22-78
14    <!--
15         Required to query activities that can process text, see:
16         https://developer.android.com/training/package-visibility and
17         https://developer.android.com/reference/android/content/Intent#ACTION_PROCESS_TEXT.
18
19         In particular, this is used by the Flutter engine in io.flutter.plugin.text.ProcessTextPlugin.
20    -->
21    <queries>
21-->src\main\AndroidManifest.xml:43:5-48:15
22        <intent>
22-->src\main\AndroidManifest.xml:44:9-47:18
23            <action android:name="android.intent.action.PROCESS_TEXT" />
23-->src\main\AndroidManifest.xml:45:13-72
23-->src\main\AndroidManifest.xml:45:21-70
24
25            <data android:mimeType="text/plain" />
25-->src\main\AndroidManifest.xml:46:13-50
25-->src\main\AndroidManifest.xml:46:19-48
26        </intent>
27    </queries>
28
29    <uses-permission android:name="android.permission.VIBRATE" />
29-->[:flutter_local_notifications] AndroidManifest.xml:9:5-66
29-->[:flutter_local_notifications] AndroidManifest.xml:9:22-63
30    <uses-permission android:name="android.permission.POST_NOTIFICATIONS" />
30-->[:flutter_local_notifications] AndroidManifest.xml:10:5-77
30-->[:flutter_local_notifications] AndroidManifest.xml:10:22-74
31    <uses-permission android:name="android.permission.ACCESS_NETWORK_STATE" />
31-->[androidx.media3:media3-common:1.4.1] AndroidManifest.xml:22:5-79
31-->[androidx.media3:media3-common:1.4.1] AndroidManifest.xml:22:22-76
32
33    <permission
33-->[androidx.core:core:1.13.1] AndroidManifest.xml:22:5-24:47
34        android:name="com.example.inventory_app.DYNAMIC_RECEIVER_NOT_EXPORTED_PERMISSION"
34-->[androidx.core:core:1.13.1] AndroidManifest.xml:23:9-81
35        android:protectionLevel="signature" />
35-->[androidx.core:core:1.13.1] AndroidManifest.xml:24:9-44
36
37    <uses-permission android:name="com.example.inventory_app.DYNAMIC_RECEIVER_NOT_EXPORTED_PERMISSION" />
37-->[androidx.core:core:1.13.1] AndroidManifest.xml:26:5-97
37-->[androidx.core:core:1.13.1] AndroidManifest.xml:26:22-94
38
39    <application
40        android:name="android.app.Application"
40-->src\main\AndroidManifest.xml:7:9-42
41        android:appComponentFactory="androidx.core.app.CoreComponentFactory"
41-->[androidx.core:core:1.13.1] AndroidManifest.xml:28:18-86
42        android:enableOnBackInvokedCallback="true"
42-->src\main\AndroidManifest.xml:9:9-51
43        android:icon="@mipmap/ic_launcher"
43-->src\main\AndroidManifest.xml:8:9-43
44        android:label="ExpressList" >
44-->src\main\AndroidManifest.xml:6:9-36
45        <activity
45-->src\main\AndroidManifest.xml:10:9-31:20
46            android:name="com.example.inventory_app.MainActivity"
46-->src\main\AndroidManifest.xml:11:13-41
47            android:configChanges="orientation|keyboardHidden|keyboard|screenSize|smallestScreenSize|locale|layoutDirection|fontScale|screenLayout|density|uiMode"
47-->src\main\AndroidManifest.xml:16:13-163
48            android:exported="true"
48-->src\main\AndroidManifest.xml:12:13-36
49            android:hardwareAccelerated="true"
49-->src\main\AndroidManifest.xml:17:13-47
50            android:launchMode="singleTop"
50-->src\main\AndroidManifest.xml:13:13-43
51            android:taskAffinity=""
51-->src\main\AndroidManifest.xml:14:13-36
52            android:theme="@style/LaunchTheme"
52-->src\main\AndroidManifest.xml:15:13-47
53            android:windowSoftInputMode="adjustResize" >
53-->src\main\AndroidManifest.xml:18:13-55
54
55            <!--
56                 Specifies an Android theme to apply to this Activity as soon as
57                 the Android process has started. This theme is visible to the user
58                 while the Flutter UI initializes. After that, this theme continues
59                 to determine the Window background behind the Flutter UI.
60            -->
61            <meta-data
61-->src\main\AndroidManifest.xml:23:13-26:17
62                android:name="io.flutter.embedding.android.NormalTheme"
62-->src\main\AndroidManifest.xml:24:15-70
63                android:resource="@style/NormalTheme" />
63-->src\main\AndroidManifest.xml:25:15-52
64
65            <intent-filter>
65-->src\main\AndroidManifest.xml:27:13-30:29
66                <action android:name="android.intent.action.MAIN" />
66-->src\main\AndroidManifest.xml:28:17-68
66-->src\main\AndroidManifest.xml:28:25-66
67
68                <category android:name="android.intent.category.LAUNCHER" />
68-->src\main\AndroidManifest.xml:29:17-76
68-->src\main\AndroidManifest.xml:29:27-74
69            </intent-filter>
70        </activity>
71        <!--
72             Don't delete the meta-data below.
73             This is used by the Flutter tool to generate GeneratedPluginRegistrant.java
74        -->
75        <meta-data
75-->src\main\AndroidManifest.xml:34:9-36:33
76            android:name="flutterEmbedding"
76-->src\main\AndroidManifest.xml:35:13-44
77            android:value="2" />
77-->src\main\AndroidManifest.xml:36:13-30
78        <!--
79           Declares a provider which allows us to store files to share in
80           '.../caches/share_plus' and grant the receiving action access
81        -->
82        <provider
82-->[:share_plus] AndroidManifest.xml:15:9-23:20
83            android:name="dev.fluttercommunity.plus.share.ShareFileProvider"
83-->[:share_plus] AndroidManifest.xml:16:13-77
84            android:authorities="com.example.inventory_app.flutter.share_provider"
84-->[:share_plus] AndroidManifest.xml:17:13-74
85            android:exported="false"
85-->[:share_plus] AndroidManifest.xml:18:13-37
86            android:grantUriPermissions="true" >
86-->[:share_plus] AndroidManifest.xml:19:13-47
87            <meta-data
87-->[:share_plus] AndroidManifest.xml:20:13-22:68
88                android:name="android.support.FILE_PROVIDER_PATHS"
88-->[:share_plus] AndroidManifest.xml:21:17-67
89                android:resource="@xml/flutter_share_file_paths" />
89-->[:share_plus] AndroidManifest.xml:22:17-65
90        </provider>
91        <!--
92           This manifest declared broadcast receiver allows us to use an explicit
93           Intent when creating a PendingItent to be informed of the user's choice
94        -->
95        <receiver
95-->[:share_plus] AndroidManifest.xml:28:9-34:20
96            android:name="dev.fluttercommunity.plus.share.SharePlusPendingIntent"
96-->[:share_plus] AndroidManifest.xml:29:13-82
97            android:exported="false" >
97-->[:share_plus] AndroidManifest.xml:30:13-37
98            <intent-filter>
98-->[:share_plus] AndroidManifest.xml:31:13-33:29
99                <action android:name="EXTRA_CHOSEN_COMPONENT" />
99-->[:share_plus] AndroidManifest.xml:32:17-65
99-->[:share_plus] AndroidManifest.xml:32:25-62
100            </intent-filter>
101        </receiver>
102
103        <provider
103-->[:image_picker_android] AndroidManifest.xml:11:9-19:20
104            android:name="io.flutter.plugins.imagepicker.ImagePickerFileProvider"
104-->[:image_picker_android] AndroidManifest.xml:12:13-82
105            android:authorities="com.example.inventory_app.flutter.image_provider"
105-->[:image_picker_android] AndroidManifest.xml:13:13-74
106            android:exported="false"
106-->[:image_picker_android] AndroidManifest.xml:14:13-37
107            android:grantUriPermissions="true" >
107-->[:image_picker_android] AndroidManifest.xml:15:13-47
108            <meta-data
108-->[:share_plus] AndroidManifest.xml:20:13-22:68
109                android:name="android.support.FILE_PROVIDER_PATHS"
109-->[:share_plus] AndroidManifest.xml:21:17-67
110                android:resource="@xml/flutter_image_picker_file_paths" />
110-->[:share_plus] AndroidManifest.xml:22:17-65
111        </provider> <!-- Trigger Google Play services to install the backported photo picker module. -->
112        <service
112-->[:image_picker_android] AndroidManifest.xml:21:9-33:19
113            android:name="com.google.android.gms.metadata.ModuleDependencies"
113-->[:image_picker_android] AndroidManifest.xml:22:13-78
114            android:enabled="false"
114-->[:image_picker_android] AndroidManifest.xml:23:13-36
115            android:exported="false" >
115-->[:image_picker_android] AndroidManifest.xml:24:13-37
116            <intent-filter>
116-->[:image_picker_android] AndroidManifest.xml:26:13-28:29
117                <action android:name="com.google.android.gms.metadata.MODULE_DEPENDENCIES" />
117-->[:image_picker_android] AndroidManifest.xml:27:17-94
117-->[:image_picker_android] AndroidManifest.xml:27:25-91
118            </intent-filter>
119
120            <meta-data
120-->[:image_picker_android] AndroidManifest.xml:30:13-32:36
121                android:name="photopicker_activity:0:required"
121-->[:image_picker_android] AndroidManifest.xml:31:17-63
122                android:value="" />
122-->[:image_picker_android] AndroidManifest.xml:32:17-33
123        </service>
124
125        <activity
125-->[:url_launcher_android] AndroidManifest.xml:10:9-13:74
126            android:name="io.flutter.plugins.urllauncher.WebViewActivity"
126-->[:url_launcher_android] AndroidManifest.xml:11:13-74
127            android:exported="false"
127-->[:url_launcher_android] AndroidManifest.xml:12:13-37
128            android:theme="@android:style/Theme.NoTitleBar.Fullscreen" />
128-->[:url_launcher_android] AndroidManifest.xml:13:13-71
129
130        <provider
130-->[:open_file_android] AndroidManifest.xml:11:9-21:20
131            android:name="com.crazecoder.openfile.FileProvider"
131-->[:open_file_android] AndroidManifest.xml:12:13-64
132            android:authorities="com.example.inventory_app.fileProvider.com.crazecoder.openfile"
132-->[:open_file_android] AndroidManifest.xml:13:13-88
133            android:exported="false"
133-->[:open_file_android] AndroidManifest.xml:14:13-37
134            android:grantUriPermissions="true"
134-->[:open_file_android] AndroidManifest.xml:15:13-47
135            android:requestLegacyExternalStorage="true" >
135-->[:open_file_android] AndroidManifest.xml:16:13-56
136            <meta-data
136-->[:share_plus] AndroidManifest.xml:20:13-22:68
137                android:name="android.support.FILE_PROVIDER_PATHS"
137-->[:share_plus] AndroidManifest.xml:21:17-67
138                android:resource="@xml/filepaths" />
138-->[:share_plus] AndroidManifest.xml:22:17-65
139        </provider>
140        <provider
140-->[androidx.emoji2:emoji2:1.2.0] AndroidManifest.xml:24:9-32:20
141            android:name="androidx.startup.InitializationProvider"
141-->[androidx.emoji2:emoji2:1.2.0] AndroidManifest.xml:25:13-67
142            android:authorities="com.example.inventory_app.androidx-startup"
142-->[androidx.emoji2:emoji2:1.2.0] AndroidManifest.xml:26:13-68
143            android:exported="false" >
143-->[androidx.emoji2:emoji2:1.2.0] AndroidManifest.xml:27:13-37
144            <meta-data
144-->[androidx.emoji2:emoji2:1.2.0] AndroidManifest.xml:29:13-31:52
145                android:name="androidx.emoji2.text.EmojiCompatInitializer"
145-->[androidx.emoji2:emoji2:1.2.0] AndroidManifest.xml:30:17-75
146                android:value="androidx.startup" />
146-->[androidx.emoji2:emoji2:1.2.0] AndroidManifest.xml:31:17-49
147            <meta-data
147-->[androidx.lifecycle:lifecycle-process:2.7.0] AndroidManifest.xml:29:13-31:52
148                android:name="androidx.lifecycle.ProcessLifecycleInitializer"
148-->[androidx.lifecycle:lifecycle-process:2.7.0] AndroidManifest.xml:30:17-78
149                android:value="androidx.startup" />
149-->[androidx.lifecycle:lifecycle-process:2.7.0] AndroidManifest.xml:31:17-49
150            <meta-data
150-->[androidx.profileinstaller:profileinstaller:1.3.1] AndroidManifest.xml:29:13-31:52
151                android:name="androidx.profileinstaller.ProfileInstallerInitializer"
151-->[androidx.profileinstaller:profileinstaller:1.3.1] AndroidManifest.xml:30:17-85
152                android:value="androidx.startup" />
152-->[androidx.profileinstaller:profileinstaller:1.3.1] AndroidManifest.xml:31:17-49
153        </provider>
154
155        <uses-library
155-->[androidx.window:window:1.2.0] AndroidManifest.xml:23:9-25:40
156            android:name="androidx.window.extensions"
156-->[androidx.window:window:1.2.0] AndroidManifest.xml:24:13-54
157            android:required="false" />
157-->[androidx.window:window:1.2.0] AndroidManifest.xml:25:13-37
158        <uses-library
158-->[androidx.window:window:1.2.0] AndroidManifest.xml:26:9-28:40
159            android:name="androidx.window.sidecar"
159-->[androidx.window:window:1.2.0] AndroidManifest.xml:27:13-51
160            android:required="false" />
160-->[androidx.window:window:1.2.0] AndroidManifest.xml:28:13-37
161
162        <receiver
162-->[androidx.profileinstaller:profileinstaller:1.3.1] AndroidManifest.xml:34:9-52:20
163            android:name="androidx.profileinstaller.ProfileInstallReceiver"
163-->[androidx.profileinstaller:profileinstaller:1.3.1] AndroidManifest.xml:35:13-76
164            android:directBootAware="false"
164-->[androidx.profileinstaller:profileinstaller:1.3.1] AndroidManifest.xml:36:13-44
165            android:enabled="true"
165-->[androidx.profileinstaller:profileinstaller:1.3.1] AndroidManifest.xml:37:13-35
166            android:exported="true"
166-->[androidx.profileinstaller:profileinstaller:1.3.1] AndroidManifest.xml:38:13-36
167            android:permission="android.permission.DUMP" >
167-->[androidx.profileinstaller:profileinstaller:1.3.1] AndroidManifest.xml:39:13-57
168            <intent-filter>
168-->[androidx.profileinstaller:profileinstaller:1.3.1] AndroidManifest.xml:40:13-42:29
169                <action android:name="androidx.profileinstaller.action.INSTALL_PROFILE" />
169-->[androidx.profileinstaller:profileinstaller:1.3.1] AndroidManifest.xml:41:17-91
169-->[androidx.profileinstaller:profileinstaller:1.3.1] AndroidManifest.xml:41:25-88
170            </intent-filter>
171            <intent-filter>
171-->[androidx.profileinstaller:profileinstaller:1.3.1] AndroidManifest.xml:43:13-45:29
172                <action android:name="androidx.profileinstaller.action.SKIP_FILE" />
172-->[androidx.profileinstaller:profileinstaller:1.3.1] AndroidManifest.xml:44:17-85
172-->[androidx.profileinstaller:profileinstaller:1.3.1] AndroidManifest.xml:44:25-82
173            </intent-filter>
174            <intent-filter>
174-->[androidx.profileinstaller:profileinstaller:1.3.1] AndroidManifest.xml:46:13-48:29
175                <action android:name="androidx.profileinstaller.action.SAVE_PROFILE" />
175-->[androidx.profileinstaller:profileinstaller:1.3.1] AndroidManifest.xml:47:17-88
175-->[androidx.profileinstaller:profileinstaller:1.3.1] AndroidManifest.xml:47:25-85
176            </intent-filter>
177            <intent-filter>
177-->[androidx.profileinstaller:profileinstaller:1.3.1] AndroidManifest.xml:49:13-51:29
178                <action android:name="androidx.profileinstaller.action.BENCHMARK_OPERATION" />
178-->[androidx.profileinstaller:profileinstaller:1.3.1] AndroidManifest.xml:50:17-95
178-->[androidx.profileinstaller:profileinstaller:1.3.1] AndroidManifest.xml:50:25-92
179            </intent-filter>
180        </receiver>
181    </application>
182
183</manifest>